<?xml version="1.0" ?><testsuite name="umbcs680.state.LexingAndParsingStateTest" time="0.002" timestamp="2025-05-11T13:34:25" tests="4" failures="0" skipped="0" aborted="0"><properties>
[...]
</properties><testcase classname="umbcs680.state.LexingAndParsingStateTest" name="testSuccessfulLexingAndParsing()" time="0.0"></testcase><testcase classname="umbcs680.state.LexingAndParsingStateTest" name="testParsingErrorTriggersErrorState()" time="0.0"></testcase><testcase classname="umbcs680.state.LexingAndParsingStateTest" name="testEmptySourceCodeTriggersError()" time="0.001"></testcase><testcase classname="umbcs680.state.LexingAndParsingStateTest" name="testLexingErrorTriggersErrorState()" time="0.0"></testcase><system-out>Lexing and Parsing...
Transitioning to state: ErrorState
Lexing and Parsing...
Transitioning to state: ErrorState
Lexing and Parsing...
Transitioning to state: ErrorState
Lexing and Parsing...
Lexing and Parsing complete. AST: AST:  VALID CODE
Transitioning to state: CodeGenerationState
</system-out><system-err>Lexing and Parsing Error: Lexing error occurred
Lexing and Parsing Error: Source code is empty!
Lexing and Parsing Error: Lexing error occurred
</system-err></testsuite>